<?xml version="1.0" encoding="utf-8"?><testsuites name="pytest tests"><testsuite name="pytest" errors="0" failures="0" skipped="0" tests="32" time="6.181" timestamp="2026-08-11T10:43:08.320787+00:00" hostname="agent-env-101493aa-bb31-434a-9450-78e3165a0d8f"><testcase classname="tests.backend_test.TestAdminProtection" name="test_requires_token[get-/api/admin/jobs]" time="0.926" /><testcase classname="tests.backend_test.TestUploadAndServe" name="test_upload_requires_auth" time="1.057" /><testcase classname="tests.backend_test.TestAdminProtection" name="test_requires_token[post-/api/admin/jobs]" time="0.049" /><testcase classname="tests.backend_test.TestAdminProtection" name="test_requires_token[put-/api/admin/jobs/abc]" time="0.050" /><testcase classname="tests.backend_test.TestAdminProtection" name="test_requires_token[delete-/api/admin/jobs/abc]" time="0.052" /><testcase classname="tests.backend_test.TestUploadAndServe" name="test_upload_invalid_token" time="0.178" /><testcase classname="tests.backend_test.TestAdminProtection" name="test_requires_token[get-/api/admin/news]" time="0.047" /><testcase classname="tests.backend_test.TestAdminProtection" name="test_requires_token[post-/api/admin/news]" time="0.049" /><testcase classname="tests.backend_test.TestAdminProtection" name="test_invalid_token" time="0.052" /><testcase classname="tests.backend_test.TestAuth" name="test_login_success" time="0.362" /><testcase classname="tests.backend_test.TestUploadAndServe" name="test_upload_rejects_text_file" time="0.369" /><testcase classname="tests.backend_test.TestAuth" name="test_login_wrong_password" time="0.364" /><testcase classname="tests.backend_test.TestUploadAndServe" name="test_upload_image_and_public_serve" time="1.034" /><testcase classname="tests.backend_test.TestAuth" name="test_login_wrong_email" time="0.058" /><testcase classname="tests.backend_test.TestAuth" name="test_login_invalid_payload" time="0.051" /><testcase classname="tests.backend_test.TestAuth" name="test_bcrypt_hash_format" time="0.222" /><testcase classname="tests.backend_test.TestAdminJobsCRUD" name="test_admin_list_jobs" time="0.063" /><testcase classname="tests.backend_test.TestAdminJobsCRUD" name="test_create_update_delete_flow" time="0.710" /><testcase classname="tests.backend_test.TestUploadAndServe" name="test_upload_png_extension" time="0.864" /><testcase classname="tests.backend_test.TestAdminJobsCRUD" name="test_update_nonexistent_job_404" time="0.092" /><testcase classname="tests.backend_test.TestAdminJobsCRUD" name="test_delete_nonexistent_job_404" time="0.056" /><testcase classname="tests.backend_test.TestAdminJobsCRUD" name="test_create_job_validation" time="0.050" /><testcase classname="tests.backend_test.TestPublicJobs" name="test_list_jobs_contains_seed" time="0.049" /><testcase classname="tests.backend_test.TestPublicJobs" name="test_get_job_detail" time="0.098" /><testcase classname="tests.backend_test.TestPublicJobs" name="test_get_job_404" time="0.049" /><testcase classname="tests.backend_test.TestNews" name="test_list_news" time="0.049" /><testcase classname="tests.backend_test.TestUploadAndServe" name="test_serve_unknown_path_404" time="0.165" /><testcase classname="tests.backend_test.TestNews" name="test_news_detail_and_404" time="0.196" /><testcase classname="tests.backend_test.TestUploadAndServe" name="test_news_accepts_uploaded_image_url" time="0.602" /><testcase classname="tests.backend_test.TestContact" name="test_contact_submit" time="0.308" /><testcase classname="tests.backend_test.TestContact" name="test_contact_validation" time="0.044" /><testcase classname="tests.backend_test.TestHealth" name="test_root" time="0.046" /></testsuite></testsuites>