<?xml version="1.0" encoding="utf-8"?><testsuites name="pytest tests"><testsuite name="pytest" errors="0" failures="1" skipped="0" tests="47" time="8.902" timestamp="2026-08-11T10:57:27.991273+00:00" hostname="agent-env-101493aa-bb31-434a-9450-78e3165a0d8f"><testcase classname="tests.backend_test.TestAdminProtection" name="test_requires_token[get-/api/admin/jobs]" time="1.790" /><testcase classname="tests.backend_test.TestAdminReferencesCRUD" name="test_admin_list" time="1.843" /><testcase classname="tests.backend_test.TestAdminProtection" name="test_requires_token[post-/api/admin/jobs]" time="0.048" /><testcase classname="tests.backend_test.TestAdminProtection" name="test_requires_token[put-/api/admin/jobs/abc]" time="0.048" /><testcase classname="tests.backend_test.TestAdminReferencesCRUD" name="test_create_update_delete_flow" time="0.366" /><testcase classname="tests.backend_test.TestAdminProtection" name="test_requires_token[delete-/api/admin/jobs/abc]" time="0.085" /><testcase classname="tests.backend_test.TestAdminProtection" name="test_requires_token[get-/api/admin/news]" time="0.052" /><testcase classname="tests.backend_test.TestAdminProtection" name="test_requires_token[post-/api/admin/news]" time="0.047" /><testcase classname="tests.backend_test.TestAdminProtection" name="test_invalid_token" time="0.044" /><testcase classname="tests.backend_test.TestUploadAndServe" name="test_upload_requires_auth" time="0.161" /><testcase classname="tests.backend_test.TestAdminReferencesCRUD" name="test_update_nonexistent_404" time="0.053" /><testcase classname="tests.backend_test.TestAdminReferencesCRUD" name="test_delete_nonexistent_404" time="0.097" /><testcase classname="tests.backend_test.TestUploadAndServe" name="test_upload_invalid_token" time="0.127" /><testcase classname="tests.backend_test.TestAdminReferencesCRUD" name="test_validation[bad0]" time="0.047" /><testcase classname="tests.backend_test.TestAdminReferencesCRUD" name="test_validation[bad1]" time="0.056" /><testcase classname="tests.backend_test.TestUploadAndServe" name="test_upload_rejects_text_file" time="0.122" /><testcase classname="tests.backend_test.TestAdminReferencesCRUD" name="test_validation[bad2]" time="0.052" /><testcase classname="tests.backend_test.TestAdminReferencesCRUD" name="test_create_with_uploaded_image" time="0.864" /><testcase classname="tests.backend_test.TestUploadAndServe" name="test_upload_image_and_public_serve" time="0.729" /><testcase classname="tests.backend_test.TestUploadAndServe" name="test_upload_png_extension" time="0.745" /><testcase classname="tests.backend_test.TestAdminReferencesAuth" name="test_requires_token[get-/api/admin/references]" time="0.134" /><testcase classname="tests.backend_test.TestAdminReferencesAuth" name="test_requires_token[post-/api/admin/references]" time="0.109" /><testcase classname="tests.backend_test.TestAdminReferencesAuth" name="test_requires_token[put-/api/admin/references/xyz]" time="0.198" /><testcase classname="tests.backend_test.TestAdminReferencesAuth" name="test_requires_token[delete-/api/admin/references/xyz]" time="0.124" /><testcase classname="tests.backend_test.TestAdminReferencesAuth" name="test_body_validation_does_not_bypass_auth" time="0.134"><failure message="AssertionError: unauthenticated invalid-body POST returned 422 instead of 401&#10;assert 422 == 401&#10; +  where 422 = &lt;Response [422]&gt;.status_code">E   AssertionError: unauthenticated invalid-body POST returned 422 instead of 401
    assert 422 == 401
     +  where 422 = &lt;Response [422]&gt;.status_code</failure></testcase><testcase classname="tests.backend_test.TestUploadAndServe" name="test_serve_unknown_path_404" time="0.132" /><testcase classname="tests.backend_test.TestAdminReferencesAuth" name="test_invalid_token" time="0.047" /><testcase classname="tests.backend_test.TestAuth" name="test_login_success" time="0.364" /><testcase classname="tests.backend_test.TestUploadAndServe" name="test_news_accepts_uploaded_image_url" time="0.922" /><testcase classname="tests.backend_test.TestAuth" name="test_login_wrong_password" time="0.353" /><testcase classname="tests.backend_test.TestAuth" name="test_login_wrong_email" time="0.053" /><testcase classname="tests.backend_test.TestAuth" name="test_login_invalid_payload" time="0.050" /><testcase classname="tests.backend_test.TestAuth" name="test_bcrypt_hash_format" time="0.216" /><testcase classname="tests.backend_test.TestAdminJobsCRUD" name="test_admin_list_jobs" time="0.058" /><testcase classname="tests.backend_test.TestAdminJobsCRUD" name="test_create_update_delete_flow" time="0.694" /><testcase classname="tests.backend_test.TestPublicJobs" name="test_list_jobs_contains_seed" time="0.054" /><testcase classname="tests.backend_test.TestPublicJobs" name="test_get_job_detail" time="0.112" /><testcase classname="tests.backend_test.TestPublicJobs" name="test_get_job_404" time="0.058" /><testcase classname="tests.backend_test.TestNews" name="test_list_news" time="0.057" /><testcase classname="tests.backend_test.TestNews" name="test_news_detail_and_404" time="0.152" /><testcase classname="tests.backend_test.TestContact" name="test_contact_submit" time="0.319" /><testcase classname="tests.backend_test.TestAdminJobsCRUD" name="test_update_nonexistent_job_404" time="0.052" /><testcase classname="tests.backend_test.TestAdminJobsCRUD" name="test_delete_nonexistent_job_404" time="0.050" /><testcase classname="tests.backend_test.TestAdminJobsCRUD" name="test_create_job_validation" time="0.089" /><testcase classname="tests.backend_test.TestContact" name="test_contact_validation" time="0.050" /><testcase classname="tests.backend_test.TestHealth" name="test_root" time="0.144" /><testcase classname="tests.backend_test.TestPublicReferences" name="test_list_references_seed" time="0.050" /></testsuite></testsuites>